#
# There is insufficient memory for the Java Runtime Environment to continue.
# Native memory allocation (malloc) failed to allocate 32744 bytes for ChunkPool::allocate
# Possible reasons:
#   The system is out of physical RAM or swap space
#   In 32 bit mode, the process size limit was hit
# Possible solutions:
#   Reduce memory load on the system
#   Increase physical memory or swap space
#   Check if swap backing store is full
#   Use 64 bit Java on a 64 bit OS
#   Decrease Java heap size (-Xmx/-Xms)
#   Decrease number of Java threads
#   Decrease Java thread stack sizes (-Xss)
#   Set larger code cache with -XX:ReservedCodeCacheSize=
# This output file may be truncated or incomplete.
#
#  Out of Memory Error (allocation.cpp:211), pid=3172, tid=4776
#
# JRE version: Java(TM) SE Runtime Environment (7.0_51-b13) (build 1.7.0_51-b13)
# Java VM: Java HotSpot(TM) 64-Bit Server VM (24.51-b03 mixed mode windows-amd64 compressed oops)
# Failed to write core dump. Minidumps are not enabled by default on client versions of Windows
#

---------------  T H R E A D  ---------------

Current thread (0x000000000d7ef000):  JavaThread "C1 CompilerThread2" daemon [_thread_in_native, id=4776, stack(0x000000000ef10000,0x000000000f010000)]

Stack: [0x000000000ef10000,0x000000000f010000]

Current CompileTask:
C1:1611385 3986       1       sun.reflect.Reflection::filter (220 bytes)


---------------  P R O C E S S  ---------------

Java Threads: ( => current thread )
  0x000000000fe50000 JavaThread "RubyThread-2: D:/Java/git-rep/board/.jruby/gems/gems/sass-3.4.3/vendor/listen/lib/listen/adapter.rb:299" daemon [_thread_in_Java, id=3888, stack(0x00000000115f0000,0x00000000116f0000)]
  0x000000000d7f0000 JavaThread "Service Thread" daemon [_thread_blocked, id=4080, stack(0x000000000f050000,0x000000000f150000)]
=>0x000000000d7ef000 JavaThread "C1 CompilerThread2" daemon [_thread_in_native, id=4776, stack(0x000000000ef10000,0x000000000f010000)]
  0x000000000d7e6000 JavaThread "C2 CompilerThread1" daemon [_thread_blocked, id=3892, stack(0x000000000e910000,0x000000000ea10000)]
  0x000000000d7e4800 JavaThread "C2 CompilerThread0" daemon [_thread_blocked, id=5700, stack(0x000000000eb30000,0x000000000ec30000)]
  0x000000000d7e0000 JavaThread "Attach Listener" daemon [_thread_blocked, id=4052, stack(0x000000000ed60000,0x000000000ee60000)]
  0x000000000d7d9000 JavaThread "Signal Dispatcher" daemon [_thread_blocked, id=4424, stack(0x000000000ec60000,0x000000000ed60000)]
  0x000000000d787000 JavaThread "Finalizer" daemon [_thread_blocked, id=3444, stack(0x000000000ea10000,0x000000000eb10000)]
  0x000000000d77e000 JavaThread "Reference Handler" daemon [_thread_blocked, id=6136, stack(0x000000000e7d0000,0x000000000e8d0000)]
  0x00000000003ae800 JavaThread "main" [_thread_blocked, id=1124, stack(0x0000000002280000,0x0000000002380000)]

Other Threads:
  0x000000000d77a800 VMThread [stack: 0x000000000e5e0000,0x000000000e6e0000] [id=3300]
  0x000000000d7fb800 WatcherThread [stack: 0x000000000f580000,0x000000000f680000] [id=2860]

VM state:not at safepoint (normal execution)

VM Mutex/Monitor currently owned by a thread: None

Heap
 PSYoungGen      total 24064K, used 19067K [0x00000000d8300000, 0x00000000e8f80000, 0x0000000100000000)
  eden space 23552K, 79% used [0x00000000d8300000,0x00000000d954ed18,0x00000000d9a00000)
  from space 512K, 62% used [0x00000000e8e80000,0x00000000e8ed0000,0x00000000e8f00000)
  to   space 512K, 0% used [0x00000000e8f00000,0x00000000e8f00000,0x00000000e8f80000)
 ParOldGen       total 81408K, used 58011K [0x0000000088a00000, 0x000000008d980000, 0x00000000d8300000)
  object space 81408K, 71% used [0x0000000088a00000,0x000000008c2a6e80,0x000000008d980000)
 PSPermGen       total 25600K, used 25429K [0x0000000083800000, 0x0000000085100000, 0x0000000088a00000)
  object space 25600K, 99% used [0x0000000083800000,0x00000000850d56e8,0x0000000085100000)

Card table byte_map: [0x00000000085f0000,0x00000000089e0000] byte_map_base: 0x00000000081d4000

Polling page: 0x0000000000330000

Code Cache  [0x0000000002470000, 0x0000000002c50000, 0x0000000008470000)
 total_blobs=4444 nmethods=3959 adapters=417 free_code_cache=90254Kb largest_free_block=92416512

Compilation events (10 events):
Event: 390.255 Thread 0x000000000d7ef000 nmethod 3981 0x0000000002c49fd0 code [0x0000000002c4a140, 0x0000000002c4a318]
Event: 390.255 Thread 0x000000000d7ef000 3982   !   1       org.jruby.RubyKernel::sleep (182 bytes)
Event: 390.256 Thread 0x000000000d7ef000 nmethod 3982 0x0000000002c4a450 code [0x0000000002c4a6e0, 0x0000000002c4afd8]
Event: 390.256 Thread 0x000000000d7ef000 3983       1       org.jruby.RubyFloat::convertToFloat (2 bytes)
Event: 390.256 Thread 0x000000000d7ef000 nmethod 3983 0x0000000002c4ba50 code [0x0000000002c4bba0, 0x0000000002c4bcf0]
Event: 390.256 Thread 0x000000000d7ef000 3984  s!   1       org.jruby.RubyThread::sleep (159 bytes)
Event: 390.257 Thread 0x000000000d7ef000 nmethod 3984 0x0000000002c4bd50 code [0x0000000002c4bf40, 0x0000000002c4c6f8]
Event: 602.240 Thread 0x000000000d7ef000 3985 % !   1       java.lang.ref.Finalizer$FinalizerThread::run @ 13 (34 bytes)
Event: 602.240 Thread 0x000000000d7ef000 nmethod 3985% 0x0000000002c4d090 code [0x0000000002c4d200, 0x0000000002c4d438]
Event: 1611.216 Thread 0x000000000d7ef000 3986       1       sun.reflect.Reflection::filter (220 bytes)

GC Heap History (10 events):
Event: 1597.166 GC heap before
{Heap before GC invocations=323 (full 0):
 PSYoungGen      total 24064K, used 23872K [0x00000000d8300000, 0x00000000e8f80000, 0x0000000100000000)
  eden space 23552K, 100% used [0x00000000d8300000,0x00000000d9a00000,0x00000000d9a00000)
  from space 512K, 62% used [0x00000000e8f00000,0x00000000e8f50000,0x00000000e8f80000)
  to   space 512K, 0% used [0x00000000e8e80000,0x00000000e8e80000,0x00000000e8f00000)
 ParOldGen       total 81408K, used 57795K [0x0000000088a00000, 0x000000008d980000, 0x00000000d8300000)
  object space 81408K, 70% used [0x0000000088a00000,0x000000008c270e80,0x000000008d980000)
 PSPermGen       total 25600K, used 25429K [0x0000000083800000, 0x0000000085100000, 0x0000000088a00000)
  object space 25600K, 99% used [0x0000000083800000,0x00000000850d56e8,0x0000000085100000)
Event: 1597.170 GC heap after
Heap after GC invocations=323 (full 0):
 PSYoungGen      total 24064K, used 320K [0x00000000d8300000, 0x00000000e8f80000, 0x0000000100000000)
  eden space 23552K, 0% used [0x00000000d8300000,0x00000000d8300000,0x00000000d9a00000)
  from space 512K, 62% used [0x00000000e8e80000,0x00000000e8ed0000,0x00000000e8f00000)
  to   space 512K, 0% used [0x00000000e8f00000,0x00000000e8f00000,0x00000000e8f80000)
 ParOldGen       total 81408K, used 57835K [0x0000000088a00000, 0x000000008d980000, 0x00000000d8300000)
  object space 81408K, 71% used [0x0000000088a00000,0x000000008c27ae80,0x000000008d980000)
 PSPermGen       total 25600K, used 25429K [0x0000000083800000, 0x0000000085100000, 0x0000000088a00000)
  object space 25600K, 99% used [0x0000000083800000,0x00000000850d56e8,0x0000000085100000)
}
Event: 1600.173 GC heap before
{Heap before GC invocations=324 (full 0):
 PSYoungGen      total 24064K, used 23872K [0x00000000d8300000, 0x00000000e8f80000, 0x0000000100000000)
  eden space 23552K, 100% used [0x00000000d8300000,0x00000000d9a00000,0x00000000d9a00000)
  from space 512K, 62% used [0x00000000e8e80000,0x00000000e8ed0000,0x00000000e8f00000)
  to   space 512K, 0% used [0x00000000e8f00000,0x00000000e8f00000,0x00000000e8f80000)
 ParOldGen       total 81408K, used 57835K [0x0000000088a00000, 0x000000008d980000, 0x00000000d8300000)
  object space 81408K, 71% used [0x0000000088a00000,0x000000008c27ae80,0x000000008d980000)
 PSPermGen       total 25600K, used 25429K [0x0000000083800000, 0x0000000085100000, 0x0000000088a00000)
  object space 25600K, 99% used [0x0000000083800000,0x00000000850d56e8,0x0000000085100000)
Event: 1600.176 GC heap after
Heap after GC invocations=324 (full 0):
 PSYoungGen      total 24064K, used 320K [0x00000000d8300000, 0x00000000e8f80000, 0x0000000100000000)
  eden space 23552K, 0% used [0x00000000d8300000,0x00000000d8300000,0x00000000d9a00000)
  from space 512K, 62% used [0x00000000e8f00000,0x00000000e8f50000,0x00000000e8f80000)
  to   space 512K, 0% used [0x00000000e8e80000,0x00000000e8e80000,0x00000000e8f00000)
 ParOldGen       total 81408K, used 57883K [0x0000000088a00000, 0x000000008d980000, 0x00000000d8300000)
  object space 81408K, 71% used [0x0000000088a00000,0x000000008c286e80,0x000000008d980000)
 PSPermGen       total 25600K, used 25429K [0x0000000083800000, 0x0000000085100000, 0x0000000088a00000)
  object space 25600K, 99% used [0x0000000083800000,0x00000000850d56e8,0x0000000085100000)
}
Event: 1603.176 GC heap before
{Heap before GC invocations=325 (full 0):
 PSYoungGen      total 24064K, used 23872K [0x00000000d8300000, 0x00000000e8f80000, 0x0000000100000000)
  eden space 23552K, 100% used [0x00000000d8300000,0x00000000d9a00000,0x00000000d9a00000)
  from space 512K, 62% used [0x00000000e8f00000,0x00000000e8f50000,0x00000000e8f80000)
  to   space 512K, 0% used [0x00000000e8e80000,0x00000000e8e80000,0x00000000e8f00000)
 ParOldGen       total 81408K, used 57883K [0x0000000088a00000, 0x000000008d980000, 0x00000000d8300000)
  object space 81408K, 71% used [0x0000000088a00000,0x000000008c286e80,0x000000008d980000)
 PSPermGen       total 25600K, used 25429K [0x0000000083800000, 0x0000000085100000, 0x0000000088a00000)
  object space 25600K, 99% used [0x0000000083800000,0x00000000850d56e8,0x0000000085100000)
Event: 1603.180 GC heap after
Heap after GC invocations=325 (full 0):
 PSYoungGen      total 24064K, used 320K [0x00000000d8300000, 0x00000000e8f80000, 0x0000000100000000)
  eden space 23552K, 0% used [0x00000000d8300000,0x00000000d8300000,0x00000000d9a00000)
  from space 512K, 62% used [0x00000000e8e80000,0x00000000e8ed0000,0x00000000e8f00000)
  to   space 512K, 0% used [0x00000000e8f00000,0x00000000e8f00000,0x00000000e8f80000)
 ParOldGen       total 81408K, used 57931K [0x0000000088a00000, 0x000000008d980000, 0x00000000d8300000)
  object space 81408K, 71% used [0x0000000088a00000,0x000000008c292e80,0x000000008d980000)
 PSPermGen       total 25600K, used 25429K [0x0000000083800000, 0x0000000085100000, 0x0000000088a00000)
  object space 25600K, 99% used [0x0000000083800000,0x00000000850d56e8,0x0000000085100000)
}
Event: 1606.179 GC heap before
{Heap before GC invocations=326 (full 0):
 PSYoungGen      total 24064K, used 23872K [0x00000000d8300000, 0x00000000e8f80000, 0x0000000100000000)
  eden space 23552K, 100% used [0x00000000d8300000,0x00000000d9a00000,0x00000000d9a00000)
  from space 512K, 62% used [0x00000000e8e80000,0x00000000e8ed0000,0x00000000e8f00000)
  to   space 512K, 0% used [0x00000000e8f00000,0x00000000e8f00000,0x00000000e8f80000)
 ParOldGen       total 81408K, used 57931K [0x0000000088a00000, 0x000000008d980000, 0x00000000d8300000)
  object space 81408K, 71% used [0x0000000088a00000,0x000000008c292e80,0x000000008d980000)
 PSPermGen       total 25600K, used 25429K [0x0000000083800000, 0x0000000085100000, 0x0000000088a00000)
  object space 25600K, 99% used [0x0000000083800000,0x00000000850d56e8,0x0000000085100000)
Event: 1606.186 GC heap after
Heap after GC invocations=326 (full 0):
 PSYoungGen      total 24064K, used 320K [0x00000000d8300000, 0x00000000e8f80000, 0x0000000100000000)
  eden space 23552K, 0% used [0x00000000d8300000,0x00000000d8300000,0x00000000d9a00000)
  from space 512K, 62% used [0x00000000e8f00000,0x00000000e8f50000,0x00000000e8f80000)
  to   space 512K, 0% used [0x00000000e8e80000,0x00000000e8e80000,0x00000000e8f00000)
 ParOldGen       total 81408K, used 57971K [0x0000000088a00000, 0x000000008d980000, 0x00000000d8300000)
  object space 81408K, 71% used [0x0000000088a00000,0x000000008c29ce80,0x000000008d980000)
 PSPermGen       total 25600K, used 25429K [0x0000000083800000, 0x0000000085100000, 0x0000000088a00000)
  object space 25600K, 99% used [0x0000000083800000,0x00000000850d56e8,0x0000000085100000)
}
Event: 1609.186 GC heap before
{Heap before GC invocations=327 (full 0):
 PSYoungGen      total 24064K, used 23872K [0x00000000d8300000, 0x00000000e8f80000, 0x0000000100000000)
  eden space 23552K, 100% used [0x00000000d8300000,0x00000000d9a00000,0x00000000d9a00000)
  from space 512K, 62% used [0x00000000e8f00000,0x00000000e8f50000,0x00000000e8f80000)
  to   space 512K, 0% used [0x00000000e8e80000,0x00000000e8e80000,0x00000000e8f00000)
 ParOldGen       total 81408K, used 57971K [0x0000000088a00000, 0x000000008d980000, 0x00000000d8300000)
  object space 81408K, 71% used [0x0000000088a00000,0x000000008c29ce80,0x000000008d980000)
 PSPermGen       total 25600K, used 25429K [0x0000000083800000, 0x0000000085100000, 0x0000000088a00000)
  object space 25600K, 99% used [0x0000000083800000,0x00000000850d56e8,0x0000000085100000)
Event: 1609.191 GC heap after
Heap after GC invocations=327 (full 0):
 PSYoungGen      total 24064K, used 320K [0x00000000d8300000, 0x00000000e8f80000, 0x0000000100000000)
  eden space 23552K, 0% used [0x00000000d8300000,0x00000000d8300000,0x00000000d9a00000)
  from space 512K, 62% used [0x00000000e8e80000,0x00000000e8ed0000,0x00000000e8f00000)
  to   space 512K, 0% used [0x00000000e8f00000,0x00000000e8f00000,0x00000000e8f80000)
 ParOldGen       total 81408K, used 58011K [0x0000000088a00000, 0x000000008d980000, 0x00000000d8300000)
  object space 81408K, 71% used [0x0000000088a00000,0x000000008c2a6e80,0x000000008d980000)
 PSPermGen       total 25600K, used 25429K [0x0000000083800000, 0x0000000085100000, 0x0000000088a00000)
  object space 25600K, 99% used [0x0000000083800000,0x00000000850d56e8,0x0000000085100000)
}

Deoptimization events (0 events):
No events

Internal exceptions (10 events):
Event: 6.988 Thread 0x00000000003ae800 Threw 0x00000000d9617c48 at C:\re\jdk7u51\527\hotspot\src\share\vm\runtime\sharedRuntime.cpp:591
Event: 7.003 Thread 0x00000000003ae800 Implicit null exception at 0x00000000025ba0b6 to 0x00000000025ba0e8
Event: 7.003 Thread 0x00000000003ae800 Threw 0x00000000d9b5e2a8 at C:\re\jdk7u51\527\hotspot\src\share\vm\runtime\sharedRuntime.cpp:591
Event: 7.019 Thread 0x00000000003ae800 Implicit null exception at 0x00000000025ba0b6 to 0x00000000025ba0e8
Event: 7.019 Thread 0x00000000003ae800 Threw 0x00000000da0a4948 at C:\re\jdk7u51\527\hotspot\src\share\vm\runtime\sharedRuntime.cpp:591
Event: 7.044 Thread 0x00000000003ae800 Threw 0x00000000da12e100 at C:\re\jdk7u51\527\hotspot\src\share\vm\prims\jni.cpp:717
Event: 7.057 Thread 0x00000000003ae800 Threw 0x00000000da1ce488 at C:\re\jdk7u51\527\hotspot\src\share\vm\prims\jvm.cpp:1244
Event: 7.058 Thread 0x00000000003ae800 Threw 0x00000000da1d5090 at C:\re\jdk7u51\527\hotspot\src\share\vm\prims\jvm.cpp:1244
Event: 7.110 Thread 0x000000000fe50000 Threw 0x00000000da674c28 at C:\re\jdk7u51\527\hotspot\src\share\vm\prims\jvm.cpp:1244
Event: 1611.215 Thread 0x000000000fe50000 Threw 0x00000000d94d6cc8 at C:\re\jdk7u51\527\hotspot\src\share\vm\prims\unsafe.cpp:586

Events (10 events):
Event: 1597.166 Executing VM operation: ParallelGCFailedAllocation
Event: 1597.170 Executing VM operation: ParallelGCFailedAllocation done
Event: 1600.173 Executing VM operation: ParallelGCFailedAllocation
Event: 1600.176 Executing VM operation: ParallelGCFailedAllocation done
Event: 1603.176 Executing VM operation: ParallelGCFailedAllocation
Event: 1603.180 Executing VM operation: ParallelGCFailedAllocation done
Event: 1606.179 Executing VM operation: ParallelGCFailedAllocation
Event: 1606.186 Executing VM operation: ParallelGCFailedAllocation done
Event: 1609.186 Executing VM operation: ParallelGCFailedAllocation
Event: 1609.192 Executing VM operation: ParallelGCFailedAllocation done


Dynamic libraries:
0x000000013f400000 - 0x000000013f433000 	C:\Program Files\Java\jdk1.7.0_51\bin\java.exe
0x00000000777d0000 - 0x0000000077979000 	C:\Windows\SYSTEM32\ntdll.dll
0x00000000776b0000 - 0x00000000777cf000 	C:\Windows\system32\kernel32.dll
0x000007fefd660000 - 0x000007fefd6cb000 	C:\Windows\system32\KERNELBASE.dll
0x000007fefe720000 - 0x000007fefe7fb000 	C:\Windows\system32\ADVAPI32.dll
0x000007feff810000 - 0x000007feff8af000 	C:\Windows\system32\msvcrt.dll
0x000007fefe5d0000 - 0x000007fefe5ef000 	C:\Windows\SYSTEM32\sechost.dll
0x000007fefe4a0000 - 0x000007fefe5cd000 	C:\Windows\system32\RPCRT4.dll
0x00000000775b0000 - 0x00000000776aa000 	C:\Windows\system32\USER32.dll
0x000007fefddd0000 - 0x000007fefde37000 	C:\Windows\system32\GDI32.dll
0x000007fefe330000 - 0x000007fefe33e000 	C:\Windows\system32\LPK.dll
0x000007fefe960000 - 0x000007fefea29000 	C:\Windows\system32\USP10.dll
0x000007fefc000000 - 0x000007fefc1f4000 	C:\Windows\WinSxS\amd64_microsoft.windows.common-controls_6595b64144ccf1df_6.0.7601.17514_none_fa396087175ac9ac\COMCTL32.dll
0x000007fefe5f0000 - 0x000007fefe661000 	C:\Windows\system32\SHLWAPI.dll
0x000007fefde40000 - 0x000007fefde6e000 	C:\Windows\system32\IMM32.DLL
0x000007feff930000 - 0x000007feffa39000 	C:\Windows\system32\MSCTF.dll
0x000000005f520000 - 0x000000005f5f2000 	C:\Program Files\Java\jdk1.7.0_51\jre\bin\msvcr100.dll
0x000000005ed50000 - 0x000000005f519000 	C:\Program Files\Java\jdk1.7.0_51\jre\bin\server\jvm.dll
0x000007fee6e10000 - 0x000007fee6e19000 	C:\Windows\system32\WSOCK32.dll
0x000007fefea30000 - 0x000007fefea7d000 	C:\Windows\system32\WS2_32.dll
0x000007fefe710000 - 0x000007fefe718000 	C:\Windows\system32\NSI.dll
0x000007fefb220000 - 0x000007fefb25b000 	C:\Windows\system32\WINMM.dll
0x0000000077990000 - 0x0000000077997000 	C:\Windows\system32\PSAPI.DLL
0x0000000064fb0000 - 0x0000000064fbf000 	C:\Program Files\Java\jdk1.7.0_51\jre\bin\verify.dll
0x0000000064f80000 - 0x0000000064fa8000 	C:\Program Files\Java\jdk1.7.0_51\jre\bin\java.dll
0x000000005ed30000 - 0x000000005ed45000 	C:\Program Files\Java\jdk1.7.0_51\jre\bin\zip.dll
0x000007fefce80000 - 0x000007fefce97000 	C:\Windows\system32\CRYPTSP.dll
0x000007fefcb80000 - 0x000007fefcbc7000 	C:\Windows\system32\rsaenh.dll
0x000007fefc900000 - 0x000007fefc91e000 	C:\Windows\system32\USERENV.dll
0x000007fefd5b0000 - 0x000007fefd5bf000 	C:\Windows\system32\profapi.dll
0x000007fefd4e0000 - 0x000007fefd4ef000 	C:\Windows\system32\CRYPTBASE.dll
0x000000005ed10000 - 0x000000005ed29000 	C:\Program Files\Java\jdk1.7.0_51\jre\bin\net.dll
0x000007fefce20000 - 0x000007fefce75000 	C:\Windows\system32\mswsock.dll
0x000007fefce10000 - 0x000007fefce17000 	C:\Windows\System32\wship6.dll
0x000007fefb320000 - 0x000007fefb335000 	C:\Windows\system32\NLAapi.dll
0x000007fef9af0000 - 0x000007fef9b05000 	C:\Windows\system32\napinsp.dll
0x000007fef9ad0000 - 0x000007fef9ae9000 	C:\Windows\system32\pnrpnsp.dll
0x000007fefcca0000 - 0x000007fefccfb000 	C:\Windows\system32\DNSAPI.dll
0x000007fef9ac0000 - 0x000007fef9acb000 	C:\Windows\System32\winrnr.dll
0x000007fefc7e0000 - 0x000007fefc7e7000 	C:\Windows\System32\wshtcpip.dll
0x000007fefad70000 - 0x000007fefad97000 	C:\Windows\system32\IPHLPAPI.DLL
0x000007fefad60000 - 0x000007fefad6b000 	C:\Windows\system32\WINNSI.DLL
0x000007fef90b0000 - 0x000007fef90b8000 	C:\Windows\system32\rasadhlp.dll
0x000007fefaaf0000 - 0x000007fefab43000 	C:\Windows\System32\fwpuclnt.dll
0x000000005ecf0000 - 0x000000005ed01000 	C:\Program Files\Java\jdk1.7.0_51\jre\bin\nio.dll
0x000000006e4c0000 - 0x000000006e4df000 	C:\Users\netstalk3r\AppData\Local\Temp\jffi8969029835996946149.tmp

VM Arguments:
jvm_args: -XX:+TieredCompilation -XX:TieredStopAtLevel=1 -Dfile.encoding=windows-1251 
java_command: org.jruby.Main -X-C -S compass watch --sass-dir D:\Java\git-rep\board\src\main\webapp\WEB-INF\scss --css-dir D:\Java\git-rep\board\src\main\webapp\resources\css --app stand_alone --environment development --output-style compact --debug-info
Launcher Type: SUN_STANDARD

Environment Variables:
JAVA_HOME=C:\Program Files\Java\jdk1.7.0_51
PATH=D:\Java\git-rep\board\.jruby\gems/bin
USERNAME=netstalk3r
OS=Windows_NT
PROCESSOR_IDENTIFIER=AMD64 Family 21 Model 16 Stepping 1, AuthenticAMD



---------------  S Y S T E M  ---------------

OS: Windows 7 , 64 bit Build 7601 Service Pack 1

CPU:total 4 (4 cores per cpu, 1 threads per core) family 21 model 16 stepping 1, cmov, cx8, fxsr, mmx, sse, sse2, sse3, ssse3, sse4.1, sse4.2, popcnt, avx, aes, mmxext, 3dnowpref, lzcnt, sse4a, tsc, tscinvbit, tscinv

Memory: 4k page, physical 7817496k(1396792k free), swap 8225236k(5116k free)

vm_info: Java HotSpot(TM) 64-Bit Server VM (24.51-b03) for windows-amd64 JRE (1.7.0_51-b13), built on Dec 18 2013 18:40:56 by "java_re" with unknown MS VC++:1600

time: Sun Sep 14 19:26:29 2014
elapsed time: 1611 seconds

